<?xml version="1.0" encoding="UTF-8"?>
<testsuite name="webapplication.jupiter.RunTests" tests="0" skipped="0" failures="0" errors="0" timestamp="1970-01-01T00:00:00" hostname="UKC-611F3Z2" time="0.0">
  <properties/>
  <system-out><![CDATA[22:55:04.499 [Test worker] DEBUG net.thucydides.core.util.PropertiesFileLocalPreferences - LOADING LOCAL PROPERTIES FROM C:\Users\subramaniam.iyer\workspace\webapp-demo-planit\serenity.properties 
22:55:04.528 [Test worker] DEBUG net.thucydides.core.util.PropertiesFileLocalPreferences - LOADING LOCAL PROPERTIES FROM C:\Users\subramaniam.iyer\workspace\webapp-demo-planit\serenity.properties 
22:55:04.530 [Test worker] DEBUG net.thucydides.core.util.PropertiesFileLocalPreferences - LOADING LOCAL PROPERTIES FROM C:\Users\subramaniam.iyer\workspace\webapp-demo-planit\serenity.properties 
22:55:04.561 [Test worker] DEBUG net.thucydides.core.util.PropertiesFileLocalPreferences - serenity.timeout=10000
22:55:04.561 [Test worker] DEBUG net.thucydides.core.util.PropertiesFileLocalPreferences - serenity.restart.browser.for.each=scenario
22:55:04.561 [Test worker] DEBUG net.thucydides.core.util.PropertiesFileLocalPreferences - serenity.logging=NORMAL
22:55:04.562 [Test worker] DEBUG net.thucydides.core.util.PropertiesFileLocalPreferences - serenity.test.root=features
22:55:04.562 [Test worker] DEBUG net.thucydides.core.util.PropertiesFileLocalPreferences - serenity.console.colors=true
22:55:04.562 [Test worker] DEBUG net.thucydides.core.util.PropertiesFileLocalPreferences - webdriver.base.url=http://jupiter.cloud.planittesting.com/#/
22:55:04.562 [Test worker] DEBUG net.thucydides.core.util.PropertiesFileLocalPreferences - serenity.project.name=Plan IT Demo
22:55:04.562 [Test worker] DEBUG net.thucydides.core.util.PropertiesFileLocalPreferences - serenity.take.screenshots.for.tasks=after_each_step
22:55:04.562 [Test worker] DEBUG net.thucydides.core.util.PropertiesFileLocalPreferences - serenity.use.unique.browser=true
22:55:04.563 [Test worker] DEBUG net.thucydides.core.util.PropertiesFileLocalPreferences - serenity.take.screenshots=after_each_step
22:55:04.563 [Test worker] DEBUG net.thucydides.core.util.PropertiesFileLocalPreferences - webdriver.timeouts.implicitlywait=15000
22:55:05.027 [Test worker] DEBUG net.thucydides.core.util.PropertiesFileLocalPreferences - LOADING LOCAL PROPERTIES FROM C:\Users\subramaniam.iyer\workspace\webapp-demo-planit\serenity.properties 
22:55:05.027 [Test worker] DEBUG net.thucydides.core.util.PropertiesFileLocalPreferences - LOADING LOCAL PROPERTIES FROM C:\Users\subramaniam.iyer\workspace\webapp-demo-planit\serenity.properties 
22:55:05.028 [Test worker] DEBUG net.thucydides.core.util.PropertiesFileLocalPreferences - LOADING LOCAL PROPERTIES FROM C:\Users\subramaniam.iyer\workspace\webapp-demo-planit\serenity.properties 
22:55:05.032 [Test worker] DEBUG net.thucydides.core.util.PropertiesFileLocalPreferences - serenity.timeout=10000
22:55:05.032 [Test worker] DEBUG net.thucydides.core.util.PropertiesFileLocalPreferences - serenity.restart.browser.for.each=scenario
22:55:05.032 [Test worker] DEBUG net.thucydides.core.util.PropertiesFileLocalPreferences - serenity.logging=NORMAL
22:55:05.032 [Test worker] DEBUG net.thucydides.core.util.PropertiesFileLocalPreferences - serenity.test.root=features
22:55:05.032 [Test worker] DEBUG net.thucydides.core.util.PropertiesFileLocalPreferences - serenity.console.colors=true
22:55:05.032 [Test worker] DEBUG net.thucydides.core.util.PropertiesFileLocalPreferences - webdriver.base.url=http://jupiter.cloud.planittesting.com/#/
22:55:05.033 [Test worker] DEBUG net.thucydides.core.util.PropertiesFileLocalPreferences - serenity.project.name=Plan IT Demo
22:55:05.033 [Test worker] DEBUG net.thucydides.core.util.PropertiesFileLocalPreferences - serenity.take.screenshots.for.tasks=after_each_step
22:55:05.033 [Test worker] DEBUG net.thucydides.core.util.PropertiesFileLocalPreferences - serenity.use.unique.browser=true
22:55:05.033 [Test worker] DEBUG net.thucydides.core.util.PropertiesFileLocalPreferences - serenity.take.screenshots=after_each_step
22:55:05.033 [Test worker] DEBUG net.thucydides.core.util.PropertiesFileLocalPreferences - webdriver.timeouts.implicitlywait=15000
22:55:05.040 [Test worker] INFO net.thucydides.core.steps.ConsoleLoggingListener - ?[96m?[36m

-------------------------------------------------------------------------------------
     _______. _______ .______       _______ .__   __.  __  .___________.____    ____ 
    /       ||   ____||   _  \     |   ____||  \ |  | |  | |           |\   \  /   / 
   |   (----`|  |__   |  |_)  |    |  |__   |   \|  | |  | `---|  |----` \   \/   /  
    \   \    |   __|  |      /     |   __|  |  . `  | |  |     |  |       \_    _/   
.----)   |   |  |____ |  |\  \----.|  |____ |  |\   | |  |     |  |         |  |     
|_______/    |_______|| _| `._____||_______||__| \__| |__|     |__|         |__|    
                                                                                     
 News and tutorials at http://www.serenity-bdd.info                                  
 Documentation at https://wakaleo.gitbooks.io/the-serenity-book/content/             
 Join the Serenity Community on Rocket Chat at https://serenity-bdd.rocket.chat      
 Serenity BDD Support and Training at http://serenity-bdd.info/#/trainingandsupport  
 Learn Serenity BDD online at http://serenity-dojo.com                               
-------------------------------------------------------------------------------------
?[0m?[0m
22:55:05.043 [Test worker] DEBUG net.thucydides.core.steps.StepEventBus - Test suite started for story net.thucydides.core.model.Story@9abefb15
22:55:05.045 [Test worker] INFO net.thucydides.core.steps.ConsoleLoggingListener - Test Suite Started: PlanIT Demo Assignment
22:55:05.168 [Test worker] INFO net.thucydides.core.steps.ConsoleLoggingListener - 
 _____ _____ ____ _____   ____ _____  _    ____ _____ _____ ____  
|_   _| ____/ ___|_   _| / ___|_   _|/ \  |  _ \_   _| ____|  _ \ 
  | | |  _| \___ \ | |   \___ \ | | / _ \ | |_) || | |  _| | | | |
  | | | |___ ___) || |    ___) || |/ ___ \|  _ < | | | |___| |_| |
  |_| |_____|____/ |_|   |____/ |_/_/   \_\_| \_\|_| |_____|____/ 
                                                                  

TEST STARTED: Test scenario One and Two
-------------------------------------------------------------------(planit-demo-assignment;test-scenario-one-and-two)
22:55:05.346 [Test worker] DEBUG net.thucydides.core.requirements.RootDirectory - Resource directories found in  in 17 ms: [src\test\resources]
22:55:05.360 [Test worker] DEBUG net.thucydides.core.requirements.RootDirectory - Resource directories found in C:\Users\subramaniam.iyer\workspace\webapp-demo-planit in 9 ms: [C:\Users\subramaniam.iyer\workspace\webapp-demo-planit\src\test\resources]
22:55:13.153 [Test worker] INFO net.thucydides.core.steps.ConsoleLoggingListener - ?[92m
        __    _____ _____ ____ _____   ____   _    ____  ____  _____ ____  
  _     \ \  |_   _| ____/ ___|_   _| |  _ \ / \  / ___|/ ___|| ____|  _ \ 
 (_)_____| |   | | |  _| \___ \ | |   | |_) / _ \ \___ \\___ \|  _| | | | |
  _|_____| |   | | | |___ ___) || |   |  __/ ___ \ ___) |___) | |___| |_| |
 (_)     | |   |_| |_____|____/ |_|   |_| /_/   \_\____/|____/|_____|____/ 
        /_/                                                                

TEST PASSED: Test scenario One and Two
----------------------------------------------------------------------------?[0m
22:55:13.155 [Test worker] INFO net.thucydides.core.steps.ConsoleLoggingListener - 
 _____ _____ ____ _____   ____ _____  _    ____ _____ _____ ____  
|_   _| ____/ ___|_   _| / ___|_   _|/ \  |  _ \_   _| ____|  _ \ 
  | | |  _| \___ \ | |   \___ \ | | / _ \ | |_) || | |  _| | | | |
  | | | |___ ___) || |    ___) || |/ ___ \|  _ < | | | |___| |_| |
  |_| |_____|____/ |_|   |____/ |_/_/   \_\_| \_\|_| |_____|____/ 
                                                                  

TEST STARTED: Test scenario Three
-------------------------------------------------------------------(planit-demo-assignment;test-scenario-three)
22:55:18.672 [Test worker] INFO net.thucydides.core.steps.ConsoleLoggingListener - ?[92m
        __    _____ _____ ____ _____   ____   _    ____  ____  _____ ____  
  _     \ \  |_   _| ____/ ___|_   _| |  _ \ / \  / ___|/ ___|| ____|  _ \ 
 (_)_____| |   | | |  _| \___ \ | |   | |_) / _ \ \___ \\___ \|  _| | | | |
  _|_____| |   | | | |___ ___) || |   |  __/ ___ \ ___) |___) | |___| |_| |
 (_)     | |   |_| |_____|____/ |_|   |_| /_/   \_\____/|____/|_____|____/ 
        /_/                                                                

TEST PASSED: Test scenario Three
----------------------------------------------------------------------------?[0m
22:55:18.678 [Test worker] DEBUG net.thucydides.core.reports.ReportService - Reporting formats: [JSON, HTML]
22:55:18.684 [Test worker] DEBUG net.thucydides.core.reports.ReportService - Found reporter: net.thucydides.core.reports.xml.XMLTestOutcomeReporter@16324d65(format = Optional[XML])
22:55:18.684 [Test worker] DEBUG net.thucydides.core.reports.ReportService - Found reporter: net.thucydides.core.reports.json.JSONTestOutcomeReporter@6a0d09cf(format = Optional[JSON])
22:55:18.685 [Test worker] DEBUG net.thucydides.core.reports.ReportService - Registering reporter: net.thucydides.core.reports.json.JSONTestOutcomeReporter@6a0d09cf
22:55:18.769 [Test worker] DEBUG net.thucydides.core.reports.ReportService - Found reporter: net.thucydides.core.reports.html.HtmlAcceptanceTestReporter@45bb7a64(format = Optional[HTML])
22:55:18.769 [Test worker] DEBUG net.thucydides.core.reports.ReportService - Registering reporter: net.thucydides.core.reports.html.HtmlAcceptanceTestReporter@45bb7a64
22:55:18.770 [Test worker] DEBUG net.thucydides.core.reports.ReportService - Reporting formats: [JSON, HTML]
22:55:18.793 [Test worker] DEBUG net.thucydides.core.reports.ReportService - Generating reports for 2 test outcomes using: net.thucydides.core.reports.json.JSONTestOutcomeReporter@6a0d09cf
22:55:18.794 [Test worker] DEBUG net.thucydides.core.reports.junit.JUnitXMLOutcomeReporter - GENERATING JUNIT REPORTS
22:55:18.795 [pool-1-thread-1] DEBUG net.thucydides.core.reports.ReportService - Processing test outcome PlanIT Demo Assignment:Test scenario One and Two
22:55:18.795 [pool-1-thread-2] DEBUG net.thucydides.core.reports.ReportService - Processing test outcome PlanIT Demo Assignment:Test scenario Three
22:55:18.795 [pool-1-thread-1] DEBUG net.thucydides.core.reports.ReportService - net.thucydides.core.reports.json.JSONTestOutcomeReporter@6a0d09cf: Generating report for test outcome: PlanIT Demo Assignment:Test scenario One and Two
22:55:18.795 [pool-1-thread-2] DEBUG net.thucydides.core.reports.ReportService - net.thucydides.core.reports.json.JSONTestOutcomeReporter@6a0d09cf: Generating report for test outcome: PlanIT Demo Assignment:Test scenario Three
22:55:18.805 [pool-1-thread-1] DEBUG net.thucydides.core.reports.json.JSONTestOutcomeReporter - Generating JSON report for Test scenario One and Two to file C:\Users\subramaniam.iyer\workspace\webapp-demo-planit\target\site\serenity\eeb0b2631c0af1592446c636c7333af77596ddbb02768ce080ccc4876fac42a8.json (using temp file C:\Users\subramaniam.iyer\workspace\webapp-demo-planit\target\site\serenity\eeb0b2631c0af1592446c636c7333af77596ddbb02768ce080ccc4876fac42a8.json31ea01fd-93c8-40c3-a0b0-c24dcaf84448)
22:55:18.805 [pool-1-thread-2] DEBUG net.thucydides.core.reports.json.JSONTestOutcomeReporter - Generating JSON report for Test scenario Three to file C:\Users\subramaniam.iyer\workspace\webapp-demo-planit\target\site\serenity\7f5cacd9ca059594ac3db85ed74a459e49c4f3c08c071bd5aaa2375dac983916.json (using temp file C:\Users\subramaniam.iyer\workspace\webapp-demo-planit\target\site\serenity\7f5cacd9ca059594ac3db85ed74a459e49c4f3c08c071bd5aaa2375dac983916.jsonfd1b8f49-a532-40e9-8762-6d9164eb1855)
22:55:18.854 [pool-1-thread-2] DEBUG net.thucydides.core.reports.ReportService - Processing test outcome PlanIT Demo Assignment:Test scenario Three done
22:55:18.854 [pool-1-thread-1] DEBUG net.thucydides.core.reports.ReportService - Processing test outcome PlanIT Demo Assignment:Test scenario One and Two done
22:55:19.154 [Test worker] DEBUG net.thucydides.core.reports.ReportService - Shutting down executor service
22:55:19.154 [Test worker] DEBUG net.thucydides.core.reports.ReportService - Reports generated in: 360 ms
22:55:19.154 [Test worker] DEBUG net.thucydides.core.reports.ReportService - Generating reports for 2 test outcomes using: net.thucydides.core.reports.html.HtmlAcceptanceTestReporter@45bb7a64
22:55:19.155 [Test worker] DEBUG net.thucydides.core.reports.junit.JUnitXMLOutcomeReporter - GENERATING JUNIT REPORTS
22:55:19.155 [pool-2-thread-2] DEBUG net.thucydides.core.reports.ReportService - Processing test outcome PlanIT Demo Assignment:Test scenario Three
22:55:19.155 [pool-2-thread-1] DEBUG net.thucydides.core.reports.ReportService - Processing test outcome PlanIT Demo Assignment:Test scenario One and Two
22:55:19.155 [pool-2-thread-2] DEBUG net.thucydides.core.reports.ReportService - net.thucydides.core.reports.html.HtmlAcceptanceTestReporter@45bb7a64: Generating report for test outcome: PlanIT Demo Assignment:Test scenario Three
22:55:19.156 [pool-2-thread-1] DEBUG net.thucydides.core.reports.ReportService - net.thucydides.core.reports.html.HtmlAcceptanceTestReporter@45bb7a64: Generating report for test outcome: PlanIT Demo Assignment:Test scenario One and Two
22:55:19.156 [pool-2-thread-2] DEBUG net.thucydides.core.reports.html.HtmlAcceptanceTestReporter - GENERATE TEST OUTCOME REPORT FOR Test scenario Three in 7f5cacd9ca059594ac3db85ed74a459e49c4f3c08c071bd5aaa2375dac983916
22:55:19.156 [pool-2-thread-1] DEBUG net.thucydides.core.reports.html.HtmlAcceptanceTestReporter - GENERATE TEST OUTCOME REPORT FOR Test scenario One and Two in eeb0b2631c0af1592446c636c7333af77596ddbb02768ce080ccc4876fac42a8
22:55:19.588 [pool-2-thread-1] DEBUG net.thucydides.core.requirements.RequirementsTagProvider - Requirements found:[Requirement{name='Demo', type='capability' parent = 'null', cardNumber='null'}]
22:55:19.592 [pool-2-thread-1] DEBUG net.thucydides.core.requirements.BaseRequirementsService - Requirement found for test outcome Test scenario One and Two-[]: Optional[Requirement{name='Plan it demo assignment', type='feature' parent = 'Demo', cardNumber='null'}]
22:55:19.603 [pool-2-thread-1] DEBUG net.thucydides.core.requirements.BaseRequirementsService - Requirement found for test outcome Test scenario One and Two-[]: Optional[Requirement{name='Plan it demo assignment', type='feature' parent = 'Demo', cardNumber='null'}]
22:55:19.793 [pool-2-thread-1] DEBUG net.thucydides.core.reports.html.HtmlAcceptanceTestReporter - GENERATING HTML REPORT FOR PlanIT Demo Assignment:Test scenario One and Two in eeb0b2631c0af1592446c636c7333af77596ddbb02768ce080ccc4876fac42a8.html in directory target\site\serenity  
22:55:19.879 [pool-2-thread-2] DEBUG net.thucydides.core.requirements.RequirementsTagProvider - Requirements found:[Requirement{name='Demo', type='capability' parent = 'null', cardNumber='null'}]
22:55:19.881 [pool-2-thread-2] DEBUG net.thucydides.core.requirements.BaseRequirementsService - Requirement found for test outcome Test scenario Three-[]: Optional[Requirement{name='Plan it demo assignment', type='feature' parent = 'Demo', cardNumber='null'}]
22:55:19.881 [pool-2-thread-2] DEBUG net.thucydides.core.requirements.BaseRequirementsService - Requirement found for test outcome Test scenario Three-[]: Optional[Requirement{name='Plan it demo assignment', type='feature' parent = 'Demo', cardNumber='null'}]
22:55:19.883 [pool-2-thread-2] DEBUG net.thucydides.core.reports.html.HtmlAcceptanceTestReporter - GENERATING HTML REPORT FOR PlanIT Demo Assignment:Test scenario Three in 7f5cacd9ca059594ac3db85ed74a459e49c4f3c08c071bd5aaa2375dac983916.html in directory target\site\serenity  
22:55:19.886 [pool-2-thread-2] DEBUG net.thucydides.core.reports.html.HtmlAcceptanceTestReporter - Generating report in 7f5cacd9ca059594ac3db85ed74a459e49c4f3c08c071bd5aaa2375dac983916.html
22:55:20.387 [pool-2-thread-2] DEBUG net.thucydides.core.reports.html.HtmlAcceptanceTestReporter - Generated report 7f5cacd9ca059594ac3db85ed74a459e49c4f3c08c071bd5aaa2375dac983916.html in 501 ms
22:55:20.387 [pool-2-thread-2] DEBUG net.thucydides.core.reports.ReportService - Processing test outcome PlanIT Demo Assignment:Test scenario Three done
22:55:21.458 [pool-2-thread-1] DEBUG net.thucydides.core.reports.html.HtmlAcceptanceTestReporter - Generating report in eeb0b2631c0af1592446c636c7333af77596ddbb02768ce080ccc4876fac42a8.html
22:55:21.470 [pool-2-thread-1] DEBUG net.thucydides.core.reports.html.HtmlAcceptanceTestReporter - Generated report eeb0b2631c0af1592446c636c7333af77596ddbb02768ce080ccc4876fac42a8.html in 12 ms
22:55:21.470 [pool-2-thread-1] DEBUG net.thucydides.core.reports.ReportService - Processing test outcome PlanIT Demo Assignment:Test scenario One and Two done
22:55:21.470 [Test worker] DEBUG net.thucydides.core.reports.ReportService - Shutting down executor service
22:55:21.471 [Test worker] DEBUG net.thucydides.core.reports.ReportService - Reports generated in: 2316 ms

2 Scenarios (?[32m2 passed?[0m)
6 Steps (?[32m6 passed?[0m)
0m13.721s

]]></system-out>
  <system-err><![CDATA[]]></system-err>
</testsuite>
